Using pre-set license
Built from '2023.2/staging' branch; Version is '2023.2.20f1 (0e25a174756c) revision 927137'; Using compiler version '193431935'; Build Type 'Release'
OS: 'Windows 10  (10.0.19045) 64bit Professional' Language: 'ru' Physical Memory: 16306 MB
BatchMode: 1, IsHumanControllingUs: 0, StartBugReporterOnCrash: 0, Is64bit: 1, IsPro: 1

COMMAND LINE ARGUMENTS:
E:\Программы\Программирование\Unity\2023.2.20f1\Editor\Unity.exe
-adb2
-batchMode
-noUpm
-name
AssetImportWorker5
-projectPath
E:/Files/GitHub/ThunderLand/Main Brunch/client/ThunderLand
-logFile
Logs/AssetImportWorker5.log
-srvPort
49640
-job-worker-count
5
-background-job-worker-count
8
-asset-garbage-collectors
1
Successfully changed project path to: E:/Files/GitHub/ThunderLand/Main Brunch/client/ThunderLand
E:/Files/GitHub/ThunderLand/Main Brunch/client/ThunderLand
[UnityMemory] Configuration Parameters - Can be set up in boot.config
    "memorysetup-bucket-allocator-granularity=16"
    "memorysetup-bucket-allocator-bucket-count=8"
    "memorysetup-bucket-allocator-block-size=33554432"
    "memorysetup-bucket-allocator-block-count=8"
    "memorysetup-main-allocator-block-size=16777216"
    "memorysetup-thread-allocator-block-size=16777216"
    "memorysetup-gfx-main-allocator-block-size=16777216"
    "memorysetup-gfx-thread-allocator-block-size=16777216"
    "memorysetup-cache-allocator-block-size=4194304"
    "memorysetup-typetree-allocator-block-size=2097152"
    "memorysetup-profiler-bucket-allocator-granularity=16"
    "memorysetup-profiler-bucket-allocator-bucket-count=8"
    "memorysetup-profiler-bucket-allocator-block-size=33554432"
    "memorysetup-profiler-bucket-allocator-block-count=8"
    "memorysetup-profiler-allocator-block-size=16777216"
    "memorysetup-profiler-editor-allocator-block-size=1048576"
    "memorysetup-temp-allocator-size-main=16777216"
    "memorysetup-job-temp-allocator-block-size=2097152"
    "memorysetup-job-temp-allocator-block-size-background=1048576"
    "memorysetup-job-temp-allocator-reduction-small-platforms=262144"
    "memorysetup-allocator-temp-initial-block-size-main=262144"
    "memorysetup-allocator-temp-initial-block-size-worker=262144"
    "memorysetup-temp-allocator-size-background-worker=32768"
    "memorysetup-temp-allocator-size-job-worker=262144"
    "memorysetup-temp-allocator-size-preload-manager=33554432"
    "memorysetup-temp-allocator-size-nav-mesh-worker=65536"
    "memorysetup-temp-allocator-size-audio-worker=65536"
    "memorysetup-temp-allocator-size-cloud-worker=32768"
    "memorysetup-temp-allocator-size-gi-baking-worker=262144"
    "memorysetup-temp-allocator-size-gi-baking-worker=262144"
    "memorysetup-temp-allocator-size-gi-baking-worker=262144"
    "memorysetup-temp-allocator-size-gi-baking-worker=262144"
    "memorysetup-temp-allocator-size-gfx=262144"
Player connection [8124] Host "[IP] 192.168.1.100 [Port] 0 [Flags] 2 [Guid] 3932119020 [EditorId] 3932119020 [Version] 1048832 [Id] WindowsEditor(7,DESKTOP-GAIGRAL) [Debug] 1 [PackageName] WindowsEditor [ProjectName] Editor" joined multi-casting on [225.0.0.222:54997]...
Player connection [8124] Host "[IP] 192.168.1.100 [Port] 0 [Flags] 2 [Guid] 3932119020 [EditorId] 3932119020 [Version] 1048832 [Id] WindowsEditor(7,DESKTOP-GAIGRAL) [Debug] 1 [PackageName] WindowsEditor [ProjectName] Editor" joined alternative multi-casting on [225.0.0.222:34997]...
JobSystem: Creating JobQueue using job-worker-count value 5
[Physics::Module] Initialized MultithreadedJobDispatcher with 5 workers.
Library Redirect Path: Library/
Refreshing native plugins compatible for Editor in 3.62 ms, found 5 plugins.
Preloading 0 native plugins for Editor in 0.00 ms.
Initialize engine version: 2023.2.20f1 (0e25a174756c)
[Subsystems] Discovering subsystems at path E:/Программы/Программирование/Unity/2023.2.20f1/Editor/Data/Resources/UnitySubsystems
[Subsystems] Discovering subsystems at path E:/Files/GitHub/ThunderLand/Main Brunch/client/ThunderLand/Assets
GfxDevice: creating device client; kGfxThreadingModeNonThreaded
Direct3D:
    Version:  Direct3D 11.0 [level 11.1]
    Renderer: NVIDIA GeForce GTX 1650 (ID=0x2188)
    Vendor:   NVIDIA
    VRAM:     3950 MB
    Driver:   31.0.15.4617
Initialize mono
Mono path[0] = 'E:/Программы/Программирование/Unity/2023.2.20f1/Editor/Data/Managed'
Mono path[1] = 'E:/Программы/Программирование/Unity/2023.2.20f1/Editor/Data/MonoBleedingEdge/lib/mono/unityjit-win32'
Mono config path = 'E:/Программы/Программирование/Unity/2023.2.20f1/Editor/Data/MonoBleedingEdge/etc'
Using monoOptions --debugger-agent=transport=dt_socket,embedding=1,server=y,suspend=n,address=127.0.0.1:56420
Begin MonoManager ReloadAssembly
Registering precompiled unity dll's ...
Register platform support module: E:/Программы/Программирование/Unity/2023.2.20f1/Editor/Data/PlaybackEngines/WindowsStandaloneSupport/UnityEditor.WindowsStandalone.Extensions.dll
Registered in 0.002984 seconds.
- Loaded All Assemblies, in  0.516 seconds
Native extension for WindowsStandalone target not found
Mono: successfully reloaded assembly
- Finished resetting the current domain, in  0.438 seconds
Domain Reload Profiling: 954ms
	BeginReloadAssembly (171ms)
		ExecutionOrderSort (0ms)
		DisableScriptedObjects (0ms)
		BackupInstance (0ms)
		ReleaseScriptingObjects (0ms)
		CreateAndSetChildDomain (1ms)
	RebuildCommonClasses (53ms)
	RebuildNativeTypeToScriptingClass (18ms)
	initialDomainReloadingComplete (64ms)
	LoadAllAssembliesAndSetupDomain (209ms)
		LoadAssemblies (169ms)
		RebuildTransferFunctionScriptingTraits (0ms)
		AnalyzeDomain (206ms)
			TypeCache.Refresh (204ms)
				TypeCache.ScanAssembly (188ms)
			BuildScriptInfoCaches (0ms)
			ResolveRequiredComponents (1ms)
	FinalizeReload (439ms)
		ReleaseScriptCaches (0ms)
		RebuildScriptCaches (0ms)
		SetupLoadedEditorAssemblies (354ms)
			LogAssemblyErrors (0ms)
			InitializePlatformSupportModulesInManaged (13ms)
			SetLoadedEditorAssemblies (8ms)
			BeforeProcessingInitializeOnLoad (7ms)
			ProcessInitializeOnLoadAttributes (257ms)
			ProcessInitializeOnLoadMethodAttributes (67ms)
			AfterProcessingInitializeOnLoad (0ms)
			EditorAssembliesLoaded (0ms)
		ExecutionOrderSort2 (0ms)
		AwakeInstancesAfterBackupRestoration (0ms)
Assembly reference Packages/com.unity.entities/Unity.Scenes.Editor/Internals/Properties/Unity.Properties.Internals.asmref has no target assembly definition
========================================================================
Worker process is ready to serve import requests
Import Worker Mode flag is 0x00
Assembly reference Packages/com.unity.entities/Unity.Scenes.Editor/Internals/Properties/Unity.Properties.Internals.asmref has no target assembly definition
Assembly reference Packages/com.unity.entities/Unity.Scenes.Editor/Internals/Properties/Unity.Properties.Internals.asmref has no target assembly definition
Begin MonoManager ReloadAssembly
- Loaded All Assemblies, in  1.425 seconds
Assembly reference Packages/com.unity.entities/Unity.Scenes.Editor/Internals/Properties/Unity.Properties.Internals.asmref has no target assembly definition
Refreshing native plugins compatible for Editor in 2.39 ms, found 5 plugins.
Native extension for WindowsStandalone target not found
Assembly reference Packages/com.unity.entities/Unity.Scenes.Editor/Internals/Properties/Unity.Properties.Internals.asmref has no target assembly definition
[MODES] ModeService[none].Initialize
[MODES] ModeService[none].LoadModes
[MODES] Loading mode Default (0) for mode-current-id-ThunderLand
Refreshing native plugins compatible for Editor in 2.35 ms, found 5 plugins.
TypeManager.Initialize took: 713ms
Mono: successfully reloaded assembly
- Finished resetting the current domain, in  2.555 seconds
Domain Reload Profiling: 3978ms
	BeginReloadAssembly (543ms)
		ExecutionOrderSort (0ms)
		DisableScriptedObjects (9ms)
		BackupInstance (0ms)
		ReleaseScriptingObjects (0ms)
		CreateAndSetChildDomain (35ms)
	RebuildCommonClasses (51ms)
	RebuildNativeTypeToScriptingClass (18ms)
	initialDomainReloadingComplete (53ms)
	LoadAllAssembliesAndSetupDomain (757ms)
		LoadAssemblies (553ms)
		RebuildTransferFunctionScriptingTraits (0ms)
		AnalyzeDomain (346ms)
			TypeCache.Refresh (273ms)
				TypeCache.ScanAssembly (254ms)
			BuildScriptInfoCaches (63ms)
			ResolveRequiredComponents (8ms)
	FinalizeReload (2556ms)
		ReleaseScriptCaches (0ms)
		RebuildScriptCaches (0ms)
		SetupLoadedEditorAssemblies (2250ms)
			LogAssemblyErrors (0ms)
			InitializePlatformSupportModulesInManaged (3ms)
			SetLoadedEditorAssemblies (11ms)
			BeforeProcessingInitializeOnLoad (275ms)
			ProcessInitializeOnLoadAttributes (1764ms)
			ProcessInitializeOnLoadMethodAttributes (193ms)
			AfterProcessingInitializeOnLoad (4ms)
			EditorAssembliesLoaded (0ms)
		ExecutionOrderSort2 (0ms)
		AwakeInstancesAfterBackupRestoration (11ms)
Launched and connected shader compiler UnityShaderCompiler.exe after 0.02 seconds
Refreshing native plugins compatible for Editor in 2.55 ms, found 5 plugins.
Preloading 0 native plugins for Editor in 0.00 ms.
Unloading 176 Unused Serialized files (Serialized files now loaded: 0)
Unloading 6779 unused Assets / (8.2 MB). Loaded Objects now: 7444.
Memory consumption went from 259.2 MB to 250.9 MB.
Total: 13.449900 ms (FindLiveObjects: 0.918300 ms CreateObjectMapping: 0.394600 ms MarkObjects: 8.377200 ms  DeleteObjects: 3.758700 ms)

========================================================================
Received Import Request.
  Time since last request: 242645.039058 seconds.
  path: Assets/Texture Assets/Blink/Art/Weapons/LowPoly/FreeRPGWeapons/_PREFABS/Axe1H_Medium.prefab
  artifactKey: Guid(0e960670a1eb55b44b56f715951db803) Importer(815301076,1909f56bfc062723c751e8b465ee728b)
Start importing Assets/Texture Assets/Blink/Art/Weapons/LowPoly/FreeRPGWeapons/_PREFABS/Axe1H_Medium.prefab using Guid(0e960670a1eb55b44b56f715951db803) Importer(815301076,1909f56bfc062723c751e8b465ee728b) (PreviewImporter) -> (artifact id: '102107f76edd8fc040e262b14a67d07e') in 0.3233355 seconds
Number of updated asset objects reloaded before import = 0Number of asset objects unloaded after import = 11

========================================================================
Received Import Request.
  Time since last request: 0.000033 seconds.
  path: Assets/Texture Assets/Blink/Art/Weapons/LowPoly/FreeRPGWeapons/_PREFABS/Wand_Epic.prefab
  artifactKey: Guid(3b4b27421c2a6de4f88b36cc36531976) Importer(815301076,1909f56bfc062723c751e8b465ee728b)
Start importing Assets/Texture Assets/Blink/Art/Weapons/LowPoly/FreeRPGWeapons/_PREFABS/Wand_Epic.prefab using Guid(3b4b27421c2a6de4f88b36cc36531976) Importer(815301076,1909f56bfc062723c751e8b465ee728b) (PreviewImporter) -> (artifact id: '1e7ece92f2a7cb89e792098d58b03318') in 0.0592877 seconds
Number of updated asset objects reloaded before import = 0Number of asset objects unloaded after import = 12

========================================================================
Received Import Request.
  Time since last request: 0.000036 seconds.
  path: Assets/Texture Assets/Blink/Art/Weapons/LowPoly/FreeRPGWeapons/_PREFABS/Mace2H_Epic.prefab
  artifactKey: Guid(0b87c5c82fdfc6c4686ad668eb24450e) Importer(815301076,1909f56bfc062723c751e8b465ee728b)
Start importing Assets/Texture Assets/Blink/Art/Weapons/LowPoly/FreeRPGWeapons/_PREFABS/Mace2H_Epic.prefab using Guid(0b87c5c82fdfc6c4686ad668eb24450e) Importer(815301076,1909f56bfc062723c751e8b465ee728b) (PreviewImporter) -> (artifact id: 'c7fc2b2b366901500483904d08ed1b13') in 0.0312335 seconds
Number of updated asset objects reloaded before import = 0Number of asset objects unloaded after import = 12

========================================================================
Received Import Request.
  Time since last request: 0.000027 seconds.
  path: Assets/Texture Assets/Blink/Art/Weapons/LowPoly/FreeRPGWeapons/_PREFABS/Axe2H_Basic.prefab
  artifactKey: Guid(90785c74b47617741aa5d3792af17448) Importer(815301076,1909f56bfc062723c751e8b465ee728b)
Start importing Assets/Texture Assets/Blink/Art/Weapons/LowPoly/FreeRPGWeapons/_PREFABS/Axe2H_Basic.prefab using Guid(90785c74b47617741aa5d3792af17448) Importer(815301076,1909f56bfc062723c751e8b465ee728b) (PreviewImporter) -> (artifact id: '2f46f10b999532ee6dcdfcb62f812613') in 0.0273852 seconds
Number of updated asset objects reloaded before import = 0Number of asset objects unloaded after import = 11

========================================================================
Received Import Request.
  Time since last request: 0.000027 seconds.
  path: Assets/Texture Assets/Blink/Art/Weapons/LowPoly/FreeRPGWeapons/_PREFABS/Mace2H_Basic.prefab
  artifactKey: Guid(85ba34deb1de19f41ae8795fef846895) Importer(815301076,1909f56bfc062723c751e8b465ee728b)
Start importing Assets/Texture Assets/Blink/Art/Weapons/LowPoly/FreeRPGWeapons/_PREFABS/Mace2H_Basic.prefab using Guid(85ba34deb1de19f41ae8795fef846895) Importer(815301076,1909f56bfc062723c751e8b465ee728b) (PreviewImporter) -> (artifact id: 'fa9f23542ba569a7295051c45773fc4c') in 0.029261 seconds
Number of updated asset objects reloaded before import = 0Number of asset objects unloaded after import = 11

========================================================================
Received Import Request.
  Time since last request: 0.000022 seconds.
  path: Assets/Texture Assets/Blink/Art/Weapons/LowPoly/FreeRPGWeapons/_PREFABS/Mace1H_Epic.prefab
  artifactKey: Guid(cd129f656ecb0a543aba3aec71bf1158) Importer(815301076,1909f56bfc062723c751e8b465ee728b)
Start importing Assets/Texture Assets/Blink/Art/Weapons/LowPoly/FreeRPGWeapons/_PREFABS/Mace1H_Epic.prefab using Guid(cd129f656ecb0a543aba3aec71bf1158) Importer(815301076,1909f56bfc062723c751e8b465ee728b) (PreviewImporter) -> (artifact id: 'b6f06527e73dba16824153d9899e37b3') in 0.0333573 seconds
Number of updated asset objects reloaded before import = 0Number of asset objects unloaded after import = 12

========================================================================
Received Import Request.
  Time since last request: 0.000021 seconds.
  path: Assets/Texture Assets/Blink/Art/Weapons/LowPoly/FreeRPGWeapons/_PREFABS/Spear1H_Basic.prefab
  artifactKey: Guid(8f2b838937bf3ce499fe912cc972a648) Importer(815301076,1909f56bfc062723c751e8b465ee728b)
Start importing Assets/Texture Assets/Blink/Art/Weapons/LowPoly/FreeRPGWeapons/_PREFABS/Spear1H_Basic.prefab using Guid(8f2b838937bf3ce499fe912cc972a648) Importer(815301076,1909f56bfc062723c751e8b465ee728b) (PreviewImporter) -> (artifact id: '4fc6df35a921b8d43dac3baa2b46e89b') in 0.0286794 seconds
Number of updated asset objects reloaded before import = 0Number of asset objects unloaded after import = 11

========================================================================
Received Import Request.
  Time since last request: 14.931056 seconds.
  path: Assets/Texture Assets/Blink/Art/Weapons/LowPoly/FreeSwords/Prefabs/Sword1_Silver.prefab
  artifactKey: Guid(635b9c60fe8860a4e9a5ab1a4658720f) Importer(815301076,1909f56bfc062723c751e8b465ee728b)
Start importing Assets/Texture Assets/Blink/Art/Weapons/LowPoly/FreeSwords/Prefabs/Sword1_Silver.prefab using Guid(635b9c60fe8860a4e9a5ab1a4658720f) Importer(815301076,1909f56bfc062723c751e8b465ee728b) (PreviewImporter) -> (artifact id: 'c40cbbb8a1f50fc00748b04847ba2278') in 0.0708089 seconds
Number of updated asset objects reloaded before import = 0Number of asset objects unloaded after import = 12

========================================================================
Received Import Request.
  Time since last request: 0.000021 seconds.
  path: Assets/Texture Assets/Blink/Art/Weapons/LowPoly/FreeSwords/Prefabs/Sword3_Green.prefab
  artifactKey: Guid(db2df38f4bc42154e9af77b52ba74f20) Importer(815301076,1909f56bfc062723c751e8b465ee728b)
Start importing Assets/Texture Assets/Blink/Art/Weapons/LowPoly/FreeSwords/Prefabs/Sword3_Green.prefab using Guid(db2df38f4bc42154e9af77b52ba74f20) Importer(815301076,1909f56bfc062723c751e8b465ee728b) (PreviewImporter) -> (artifact id: '6716d7eb1bbb39323b531f07dd29cbd1') in 0.1046855 seconds
Number of updated asset objects reloaded before import = 0Number of asset objects unloaded after import = 11

========================================================================
Received Import Request.
  Time since last request: 0.000023 seconds.
  path: Assets/Texture Assets/Blink/Art/Weapons/LowPoly/FreeSwords/Prefabs/Sword7_Blue.prefab
  artifactKey: Guid(446537a5e4bab814fb6203cbd4680b71) Importer(815301076,1909f56bfc062723c751e8b465ee728b)
Start importing Assets/Texture Assets/Blink/Art/Weapons/LowPoly/FreeSwords/Prefabs/Sword7_Blue.prefab using Guid(446537a5e4bab814fb6203cbd4680b71) Importer(815301076,1909f56bfc062723c751e8b465ee728b) (PreviewImporter) -> (artifact id: 'af7aef7e4c0d9a596e54c0ec87f5f119') in 0.1540288 seconds
Number of updated asset objects reloaded before import = 0Number of asset objects unloaded after import = 12

========================================================================
Received Import Request.
  Time since last request: 0.000027 seconds.
  path: Assets/Texture Assets/Blink/Art/Weapons/LowPoly/FreeSwords/Prefabs/Sword9_Red.prefab
  artifactKey: Guid(4edc3603e15f0884b937810156617f74) Importer(815301076,1909f56bfc062723c751e8b465ee728b)
Start importing Assets/Texture Assets/Blink/Art/Weapons/LowPoly/FreeSwords/Prefabs/Sword9_Red.prefab using Guid(4edc3603e15f0884b937810156617f74) Importer(815301076,1909f56bfc062723c751e8b465ee728b) (PreviewImporter) -> (artifact id: 'af4ca88eb61e22956c2db78a189a340a') in 0.0964411 seconds
Number of updated asset objects reloaded before import = 0Number of asset objects unloaded after import = 12

========================================================================
Received Import Request.
  Time since last request: 0.000022 seconds.
  path: Assets/Texture Assets/Blink/Art/Weapons/LowPoly/FreeSwords/Prefabs/Sword13_Cyan.prefab
  artifactKey: Guid(608076c565a36b346b63e557cd6af9eb) Importer(815301076,1909f56bfc062723c751e8b465ee728b)
Start importing Assets/Texture Assets/Blink/Art/Weapons/LowPoly/FreeSwords/Prefabs/Sword13_Cyan.prefab using Guid(608076c565a36b346b63e557cd6af9eb) Importer(815301076,1909f56bfc062723c751e8b465ee728b) (PreviewImporter) -> (artifact id: '2134a29c4d775040a3ae6de5113a4313') in 0.1306832 seconds
Number of updated asset objects reloaded before import = 0Number of asset objects unloaded after import = 12

========================================================================
Received Import Request.
  Time since last request: 0.000021 seconds.
  path: Assets/Texture Assets/Blink/Art/Weapons/LowPoly/FreeSwords/Prefabs/Sword15_Frost.prefab
  artifactKey: Guid(1dbf24f8a486a5d43aa8eef186e3375d) Importer(815301076,1909f56bfc062723c751e8b465ee728b)
Start importing Assets/Texture Assets/Blink/Art/Weapons/LowPoly/FreeSwords/Prefabs/Sword15_Frost.prefab using Guid(1dbf24f8a486a5d43aa8eef186e3375d) Importer(815301076,1909f56bfc062723c751e8b465ee728b) (PreviewImporter) -> (artifact id: '1b67ee63476d6432905db45461676f49') in 0.1277591 seconds
Number of updated asset objects reloaded before import = 0Number of asset objects unloaded after import = 12

========================================================================
Received Import Request.
  Time since last request: 0.000041 seconds.
  path: Assets/Texture Assets/Blink/Art/Weapons/LowPoly/FreeSwords/Prefabs/Sword9_Blue.prefab
  artifactKey: Guid(452a1ef0aca62394d9145df92353b522) Importer(815301076,1909f56bfc062723c751e8b465ee728b)
Start importing Assets/Texture Assets/Blink/Art/Weapons/LowPoly/FreeSwords/Prefabs/Sword9_Blue.prefab using Guid(452a1ef0aca62394d9145df92353b522) Importer(815301076,1909f56bfc062723c751e8b465ee728b) (PreviewImporter) -> (artifact id: '61e100b174b395b935fb4650eaa3f9df') in 0.0403507 seconds
Number of updated asset objects reloaded before import = 0Number of asset objects unloaded after import = 12

========================================================================
Received Import Request.
  Time since last request: 0.000017 seconds.
  path: Assets/Texture Assets/Blink/Art/Weapons/LowPoly/FreeSwords/Prefabs/Sword13_Orange.prefab
  artifactKey: Guid(52526bede0428594ca4e1a269d896f68) Importer(815301076,1909f56bfc062723c751e8b465ee728b)
Start importing Assets/Texture Assets/Blink/Art/Weapons/LowPoly/FreeSwords/Prefabs/Sword13_Orange.prefab using Guid(52526bede0428594ca4e1a269d896f68) Importer(815301076,1909f56bfc062723c751e8b465ee728b) (PreviewImporter) -> (artifact id: '1a7db4dd8e3a713ffb4cb58fa5086651') in 0.0525433 seconds
Number of updated asset objects reloaded before import = 0Number of asset objects unloaded after import = 12

========================================================================
Received Import Request.
  Time since last request: 0.000021 seconds.
  path: Assets/Texture Assets/Blink/Art/Weapons/LowPoly/FreeSwords/Prefabs/Sword15_Earth.prefab
  artifactKey: Guid(02ffcdcce496f7b429bc8890255da4a6) Importer(815301076,1909f56bfc062723c751e8b465ee728b)
Start importing Assets/Texture Assets/Blink/Art/Weapons/LowPoly/FreeSwords/Prefabs/Sword15_Earth.prefab using Guid(02ffcdcce496f7b429bc8890255da4a6) Importer(815301076,1909f56bfc062723c751e8b465ee728b) (PreviewImporter) -> (artifact id: '326ba79505199606fef88ad6cc27a148') in 0.1280672 seconds
Number of updated asset objects reloaded before import = 0Number of asset objects unloaded after import = 12

========================================================================
Received Import Request.
  Time since last request: 0.000028 seconds.
  path: Assets/Texture Assets/Blink/Art/Weapons/LowPoly/FreeSwords/Prefabs/Sword10_Brown.prefab
  artifactKey: Guid(224e4356713f9ec45bb2ecfdae8e4627) Importer(815301076,1909f56bfc062723c751e8b465ee728b)
Start importing Assets/Texture Assets/Blink/Art/Weapons/LowPoly/FreeSwords/Prefabs/Sword10_Brown.prefab using Guid(224e4356713f9ec45bb2ecfdae8e4627) Importer(815301076,1909f56bfc062723c751e8b465ee728b) (PreviewImporter) -> (artifact id: '43f2a38309a7d3b1540ba806f26e793d') in 0.0850608 seconds
Number of updated asset objects reloaded before import = 0Number of asset objects unloaded after import = 11

========================================================================
Received Import Request.
  Time since last request: 0.000030 seconds.
  path: Assets/Texture Assets/Blink/Art/Weapons/LowPoly/FreeSwords/Prefabs/Sword11_Dark.prefab
  artifactKey: Guid(49ab3366fe18566499ef7aa0d9c35068) Importer(815301076,1909f56bfc062723c751e8b465ee728b)
Start importing Assets/Texture Assets/Blink/Art/Weapons/LowPoly/FreeSwords/Prefabs/Sword11_Dark.prefab using Guid(49ab3366fe18566499ef7aa0d9c35068) Importer(815301076,1909f56bfc062723c751e8b465ee728b) (PreviewImporter) -> (artifact id: 'c35bc034ab15fe580ad8341009af26fd') in 0.0976633 seconds
Number of updated asset objects reloaded before import = 0Number of asset objects unloaded after import = 11

========================================================================
Received Import Request.
  Time since last request: 0.000019 seconds.
  path: Assets/Texture Assets/Blink/Art/Weapons/LowPoly/FreeSwords/Prefabs/Sword12_Red.prefab
  artifactKey: Guid(949ce1035604bd64996ff12112f19191) Importer(815301076,1909f56bfc062723c751e8b465ee728b)
Start importing Assets/Texture Assets/Blink/Art/Weapons/LowPoly/FreeSwords/Prefabs/Sword12_Red.prefab using Guid(949ce1035604bd64996ff12112f19191) Importer(815301076,1909f56bfc062723c751e8b465ee728b) (PreviewImporter) -> (artifact id: '912ce512fff8ead88cb9efca6e3c28e9') in 0.0632444 seconds
Number of updated asset objects reloaded before import = 0Number of asset objects unloaded after import = 12

========================================================================
Received Import Request.
  Time since last request: 0.000023 seconds.
  path: Assets/Texture Assets/Blink/Art/Weapons/LowPoly/FreeSwords/Prefabs/Sword11_Bone.prefab
  artifactKey: Guid(9ad0600b8acd04641b634bf2ed932dd2) Importer(815301076,1909f56bfc062723c751e8b465ee728b)
Start importing Assets/Texture Assets/Blink/Art/Weapons/LowPoly/FreeSwords/Prefabs/Sword11_Bone.prefab using Guid(9ad0600b8acd04641b634bf2ed932dd2) Importer(815301076,1909f56bfc062723c751e8b465ee728b) (PreviewImporter) -> (artifact id: 'b2e091d3f39d7b88558cdc036d2e7d0f') in 0.1066136 seconds
Number of updated asset objects reloaded before import = 0Number of asset objects unloaded after import = 11

========================================================================
Received Import Request.
  Time since last request: 0.000023 seconds.
  path: Assets/Texture Assets/Blink/Art/Weapons/LowPoly/FreeSwords/Prefabs/Sword13_Green.prefab
  artifactKey: Guid(32394f2d0ec76a94399483672aecea44) Importer(815301076,1909f56bfc062723c751e8b465ee728b)
Start importing Assets/Texture Assets/Blink/Art/Weapons/LowPoly/FreeSwords/Prefabs/Sword13_Green.prefab using Guid(32394f2d0ec76a94399483672aecea44) Importer(815301076,1909f56bfc062723c751e8b465ee728b) (PreviewImporter) -> (artifact id: '64d41f20eabac8e923b9147c75004fb4') in 0.0388853 seconds
Number of updated asset objects reloaded before import = 0Number of asset objects unloaded after import = 12

Editor requested this worker to shutdown with reason: Scaling down because of idle timeout
AssetImportWorker is now disconnected from the server
Process exiting
Exiting without the bug reporter. Application will terminate with return code 0