Using pre-set license
Built from '2023.2/staging' branch; Version is '2023.2.20f1 (0e25a174756c) revision 927137'; Using compiler version '193431935'; Build Type 'Release'
OS: 'Windows 10  (10.0.19045) 64bit Professional' Language: 'ru' Physical Memory: 16306 MB
BatchMode: 1, IsHumanControllingUs: 0, StartBugReporterOnCrash: 0, Is64bit: 1, IsPro: 1

COMMAND LINE ARGUMENTS:
E:\Программы\Программирование\Unity\2023.2.20f1\Editor\Unity.exe
-adb2
-batchMode
-noUpm
-name
AssetImportWorker0
-projectPath
E:/Files/GitHub/ThunderLand/Main Brunch/client/ThunderLand
-logFile
Logs/AssetImportWorker0.log
-srvPort
63991
-job-worker-count
5
-background-job-worker-count
8
-asset-garbage-collectors
1
Successfully changed project path to: E:/Files/GitHub/ThunderLand/Main Brunch/client/ThunderLand
E:/Files/GitHub/ThunderLand/Main Brunch/client/ThunderLand
[UnityMemory] Configuration Parameters - Can be set up in boot.config
    "memorysetup-bucket-allocator-granularity=16"
    "memorysetup-bucket-allocator-bucket-count=8"
    "memorysetup-bucket-allocator-block-size=33554432"
    "memorysetup-bucket-allocator-block-count=8"
    "memorysetup-main-allocator-block-size=16777216"
    "memorysetup-thread-allocator-block-size=16777216"
    "memorysetup-gfx-main-allocator-block-size=16777216"
    "memorysetup-gfx-thread-allocator-block-size=16777216"
    "memorysetup-cache-allocator-block-size=4194304"
    "memorysetup-typetree-allocator-block-size=2097152"
    "memorysetup-profiler-bucket-allocator-granularity=16"
    "memorysetup-profiler-bucket-allocator-bucket-count=8"
    "memorysetup-profiler-bucket-allocator-block-size=33554432"
    "memorysetup-profiler-bucket-allocator-block-count=8"
    "memorysetup-profiler-allocator-block-size=16777216"
    "memorysetup-profiler-editor-allocator-block-size=1048576"
    "memorysetup-temp-allocator-size-main=16777216"
    "memorysetup-job-temp-allocator-block-size=2097152"
    "memorysetup-job-temp-allocator-block-size-background=1048576"
    "memorysetup-job-temp-allocator-reduction-small-platforms=262144"
    "memorysetup-allocator-temp-initial-block-size-main=262144"
    "memorysetup-allocator-temp-initial-block-size-worker=262144"
    "memorysetup-temp-allocator-size-background-worker=32768"
    "memorysetup-temp-allocator-size-job-worker=262144"
    "memorysetup-temp-allocator-size-preload-manager=33554432"
    "memorysetup-temp-allocator-size-nav-mesh-worker=65536"
    "memorysetup-temp-allocator-size-audio-worker=65536"
    "memorysetup-temp-allocator-size-cloud-worker=32768"
    "memorysetup-temp-allocator-size-gi-baking-worker=262144"
    "memorysetup-temp-allocator-size-gi-baking-worker=262144"
    "memorysetup-temp-allocator-size-gi-baking-worker=262144"
    "memorysetup-temp-allocator-size-gi-baking-worker=262144"
    "memorysetup-temp-allocator-size-gfx=262144"
Player connection [20384] Host "[IP] 192.168.1.100 [Port] 0 [Flags] 2 [Guid] 2104513851 [EditorId] 2104513851 [Version] 1048832 [Id] WindowsEditor(7,DESKTOP-GAIGRAL) [Debug] 1 [PackageName] WindowsEditor [ProjectName] Editor" joined multi-casting on [225.0.0.222:54997]...
Player connection [20384] Host "[IP] 192.168.1.100 [Port] 0 [Flags] 2 [Guid] 2104513851 [EditorId] 2104513851 [Version] 1048832 [Id] WindowsEditor(7,DESKTOP-GAIGRAL) [Debug] 1 [PackageName] WindowsEditor [ProjectName] Editor" joined alternative multi-casting on [225.0.0.222:34997]...
JobSystem: Creating JobQueue using job-worker-count value 5
[Physics::Module] Initialized MultithreadedJobDispatcher with 5 workers.
Library Redirect Path: Library/
Refreshing native plugins compatible for Editor in 3.55 ms, found 5 plugins.
Preloading 0 native plugins for Editor in 0.00 ms.
Initialize engine version: 2023.2.20f1 (0e25a174756c)
[Subsystems] Discovering subsystems at path E:/Программы/Программирование/Unity/2023.2.20f1/Editor/Data/Resources/UnitySubsystems
[Subsystems] Discovering subsystems at path E:/Files/GitHub/ThunderLand/Main Brunch/client/ThunderLand/Assets
GfxDevice: creating device client; kGfxThreadingModeNonThreaded
Direct3D:
    Version:  Direct3D 11.0 [level 11.1]
    Renderer: NVIDIA GeForce GTX 1650 (ID=0x2188)
    Vendor:   NVIDIA
    VRAM:     3950 MB
    Driver:   31.0.15.4617
Initialize mono
Mono path[0] = 'E:/Программы/Программирование/Unity/2023.2.20f1/Editor/Data/Managed'
Mono path[1] = 'E:/Программы/Программирование/Unity/2023.2.20f1/Editor/Data/MonoBleedingEdge/lib/mono/unityjit-win32'
Mono config path = 'E:/Программы/Программирование/Unity/2023.2.20f1/Editor/Data/MonoBleedingEdge/etc'
Using monoOptions --debugger-agent=transport=dt_socket,embedding=1,server=y,suspend=n,address=127.0.0.1:56468
Begin MonoManager ReloadAssembly
Registering precompiled unity dll's ...
Register platform support module: E:/Программы/Программирование/Unity/2023.2.20f1/Editor/Data/PlaybackEngines/WindowsStandaloneSupport/UnityEditor.WindowsStandalone.Extensions.dll
Registered in 0.002955 seconds.
- Loaded All Assemblies, in  0.562 seconds
Native extension for WindowsStandalone target not found
Mono: successfully reloaded assembly
- Finished resetting the current domain, in  0.518 seconds
Domain Reload Profiling: 1080ms
	BeginReloadAssembly (195ms)
		ExecutionOrderSort (0ms)
		DisableScriptedObjects (0ms)
		BackupInstance (0ms)
		ReleaseScriptingObjects (0ms)
		CreateAndSetChildDomain (1ms)
	RebuildCommonClasses (55ms)
	RebuildNativeTypeToScriptingClass (20ms)
	initialDomainReloadingComplete (71ms)
	LoadAllAssembliesAndSetupDomain (219ms)
		LoadAssemblies (194ms)
		RebuildTransferFunctionScriptingTraits (0ms)
		AnalyzeDomain (216ms)
			TypeCache.Refresh (214ms)
				TypeCache.ScanAssembly (198ms)
			BuildScriptInfoCaches (0ms)
			ResolveRequiredComponents (1ms)
	FinalizeReload (519ms)
		ReleaseScriptCaches (0ms)
		RebuildScriptCaches (0ms)
		SetupLoadedEditorAssemblies (419ms)
			LogAssemblyErrors (0ms)
			InitializePlatformSupportModulesInManaged (13ms)
			SetLoadedEditorAssemblies (9ms)
			BeforeProcessingInitializeOnLoad (8ms)
			ProcessInitializeOnLoadAttributes (310ms)
			ProcessInitializeOnLoadMethodAttributes (78ms)
			AfterProcessingInitializeOnLoad (0ms)
			EditorAssembliesLoaded (0ms)
		ExecutionOrderSort2 (0ms)
		AwakeInstancesAfterBackupRestoration (0ms)
Assembly reference Packages/com.unity.entities/Unity.Scenes.Editor/Internals/Properties/Unity.Properties.Internals.asmref has no target assembly definition
========================================================================
Worker process is ready to serve import requests
Import Worker Mode flag is 0x00
Assembly reference Packages/com.unity.entities/Unity.Scenes.Editor/Internals/Properties/Unity.Properties.Internals.asmref has no target assembly definition
Assembly reference Packages/com.unity.entities/Unity.Scenes.Editor/Internals/Properties/Unity.Properties.Internals.asmref has no target assembly definition
Begin MonoManager ReloadAssembly
- Loaded All Assemblies, in  1.657 seconds
Assembly reference Packages/com.unity.entities/Unity.Scenes.Editor/Internals/Properties/Unity.Properties.Internals.asmref has no target assembly definition
Refreshing native plugins compatible for Editor in 2.29 ms, found 5 plugins.
Native extension for WindowsStandalone target not found
Assembly reference Packages/com.unity.entities/Unity.Scenes.Editor/Internals/Properties/Unity.Properties.Internals.asmref has no target assembly definition
[MODES] ModeService[none].Initialize
[MODES] ModeService[none].LoadModes
[MODES] Loading mode Default (0) for mode-current-id-ThunderLand
Refreshing native plugins compatible for Editor in 2.50 ms, found 5 plugins.
TypeManager.Initialize took: 774ms
Mono: successfully reloaded assembly
- Finished resetting the current domain, in  2.922 seconds
Domain Reload Profiling: 4576ms
	BeginReloadAssembly (596ms)
		ExecutionOrderSort (0ms)
		DisableScriptedObjects (10ms)
		BackupInstance (0ms)
		ReleaseScriptingObjects (0ms)
		CreateAndSetChildDomain (43ms)
	RebuildCommonClasses (63ms)
	RebuildNativeTypeToScriptingClass (22ms)
	initialDomainReloadingComplete (65ms)
	LoadAllAssembliesAndSetupDomain (908ms)
		LoadAssemblies (641ms)
		RebuildTransferFunctionScriptingTraits (0ms)
		AnalyzeDomain (432ms)
			TypeCache.Refresh (334ms)
				TypeCache.ScanAssembly (310ms)
			BuildScriptInfoCaches (81ms)
			ResolveRequiredComponents (12ms)
	FinalizeReload (2923ms)
		ReleaseScriptCaches (0ms)
		RebuildScriptCaches (0ms)
		SetupLoadedEditorAssemblies (2566ms)
			LogAssemblyErrors (0ms)
			InitializePlatformSupportModulesInManaged (3ms)
			SetLoadedEditorAssemblies (14ms)
			BeforeProcessingInitializeOnLoad (332ms)
			ProcessInitializeOnLoadAttributes (1971ms)
			ProcessInitializeOnLoadMethodAttributes (241ms)
			AfterProcessingInitializeOnLoad (5ms)
			EditorAssembliesLoaded (1ms)
		ExecutionOrderSort2 (0ms)
		AwakeInstancesAfterBackupRestoration (13ms)
Launched and connected shader compiler UnityShaderCompiler.exe after 0.02 seconds
Refreshing native plugins compatible for Editor in 3.24 ms, found 5 plugins.
Preloading 0 native plugins for Editor in 0.00 ms.
Unloading 176 Unused Serialized files (Serialized files now loaded: 0)
Unloading 6776 unused Assets / (5.5 MB). Loaded Objects now: 7420.
Memory consumption went from 249.5 MB to 244.1 MB.
Total: 38.223300 ms (FindLiveObjects: 1.913900 ms CreateObjectMapping: 2.319700 ms MarkObjects: 15.566000 ms  DeleteObjects: 18.422300 ms)

========================================================================
Received Import Request.
  Time since last request: 365551.642955 seconds.
  path: Assets/Blink/Art
  artifactKey: Guid(4a2367ad789b59346a5a0e4e6ff1beed) Importer(815301076,1909f56bfc062723c751e8b465ee728b)
Start importing Assets/Blink/Art using Guid(4a2367ad789b59346a5a0e4e6ff1beed) Importer(815301076,1909f56bfc062723c751e8b465ee728b) (PreviewImporter) -> (artifact id: 'b980a26e5b44548cb63f864b75ed810e') in 0.0128721 seconds
Number of updated asset objects reloaded before import = 0Number of asset objects unloaded after import = 0

========================================================================
Received Import Request.
  Time since last request: 0.000048 seconds.
  path: Assets/Blink/Art/Weapons/LowPoly/Demo
  artifactKey: Guid(560894a513308a04a886ded69af3be20) Importer(815301076,1909f56bfc062723c751e8b465ee728b)
Start importing Assets/Blink/Art/Weapons/LowPoly/Demo using Guid(560894a513308a04a886ded69af3be20) Importer(815301076,1909f56bfc062723c751e8b465ee728b) (PreviewImporter) -> (artifact id: '0000fc7460963410b08bf7ad44c6edbf') in 0.0008311 seconds
Number of updated asset objects reloaded before import = 0Number of asset objects unloaded after import = 0

========================================================================
Received Import Request.
  Time since last request: 0.419919 seconds.
  path: Assets/Blink/Art/Weapons/LowPoly/FreeSwords
  artifactKey: Guid(67a9042a08417914584d40aa94485b6e) Importer(815301076,1909f56bfc062723c751e8b465ee728b)
Start importing Assets/Blink/Art/Weapons/LowPoly/FreeSwords using Guid(67a9042a08417914584d40aa94485b6e) Importer(815301076,1909f56bfc062723c751e8b465ee728b) (PreviewImporter) -> (artifact id: 'f1ca4bb902b7045aea42b9274e2fb9c4') in 0.0012826 seconds
Number of updated asset objects reloaded before import = 0Number of asset objects unloaded after import = 0

========================================================================
Received Import Request.
  Time since last request: 0.765495 seconds.
  path: Assets/Blink/Art/Weapons/LowPoly/FreeSwords/Sword1
  artifactKey: Guid(e812f7da3c00cc2489911f470551a7a4) Importer(815301076,1909f56bfc062723c751e8b465ee728b)
Start importing Assets/Blink/Art/Weapons/LowPoly/FreeSwords/Sword1 using Guid(e812f7da3c00cc2489911f470551a7a4) Importer(815301076,1909f56bfc062723c751e8b465ee728b) (PreviewImporter) -> (artifact id: '67eda27cfc6b1d0c15623fd6c24a40e7') in 0.0006228 seconds
Number of updated asset objects reloaded before import = 0Number of asset objects unloaded after import = 0

========================================================================
Received Import Request.
  Time since last request: 0.059125 seconds.
  path: Assets/Blink/Art/Weapons/LowPoly/FreeSwords/Sword1/Sword1_FBX.fbx
  artifactKey: Guid(1af6c9d4792b975498541f34267aefc6) Importer(815301076,1909f56bfc062723c751e8b465ee728b)
Start importing Assets/Blink/Art/Weapons/LowPoly/FreeSwords/Sword1/Sword1_FBX.fbx using Guid(1af6c9d4792b975498541f34267aefc6) Importer(815301076,1909f56bfc062723c751e8b465ee728b) (PreviewImporter) -> (artifact id: '62a7a2ec4d84c13f1fab3c027b29d470') in 0.4316819 seconds
Number of updated asset objects reloaded before import = 0Number of asset objects unloaded after import = 8

========================================================================
Received Import Request.
  Time since last request: 0.000031 seconds.
  path: Assets/Blink/Art/Weapons/LowPoly/FreeSwords/Sword1/Sword1_Material_Silver.mat
  artifactKey: Guid(fa5baed6be3065a459482872af5d2796) Importer(815301076,1909f56bfc062723c751e8b465ee728b)
Start importing Assets/Blink/Art/Weapons/LowPoly/FreeSwords/Sword1/Sword1_Material_Silver.mat using Guid(fa5baed6be3065a459482872af5d2796) Importer(815301076,1909f56bfc062723c751e8b465ee728b) (PreviewImporter) -> (artifact id: '94704812983cc5f4d13709f203ded44b') in 0.3329904 seconds
Number of updated asset objects reloaded before import = 0Number of asset objects unloaded after import = 5

========================================================================
Received Import Request.
  Time since last request: 1.078724 seconds.
  path: Assets/Blink/Art/Weapons/LowPoly/FreeSwords/Sword1/Textures/Sword1_Albedo_Gold.png
  artifactKey: Guid(eb1d4f04b03d83249ab8fa1746e34c20) Importer(815301076,1909f56bfc062723c751e8b465ee728b)
Start importing Assets/Blink/Art/Weapons/LowPoly/FreeSwords/Sword1/Textures/Sword1_Albedo_Gold.png using Guid(eb1d4f04b03d83249ab8fa1746e34c20) Importer(815301076,1909f56bfc062723c751e8b465ee728b) (PreviewImporter) -> (artifact id: 'bdc9758b3c2accc8f7f097b42df7e1b5') in 0.0284675 seconds
Number of updated asset objects reloaded before import = 0Number of asset objects unloaded after import = 2

========================================================================
Received Import Request.
  Time since last request: 0.000018 seconds.
  path: Assets/Blink/Art/Weapons/LowPoly/FreeSwords/Sword1/Textures/Sword1_Metallic.png
  artifactKey: Guid(9643e59550d809440966e8232bcfa56d) Importer(815301076,1909f56bfc062723c751e8b465ee728b)
Start importing Assets/Blink/Art/Weapons/LowPoly/FreeSwords/Sword1/Textures/Sword1_Metallic.png using Guid(9643e59550d809440966e8232bcfa56d) Importer(815301076,1909f56bfc062723c751e8b465ee728b) (PreviewImporter) -> (artifact id: '4b649f100a42ea5f36e531330c3e06f2') in 0.0287079 seconds
Number of updated asset objects reloaded before import = 0Number of asset objects unloaded after import = 2

========================================================================
Received Import Request.
  Time since last request: 0.000024 seconds.
  path: Assets/Blink/Art/Weapons/LowPoly/FreeSwords/Sword1/Textures/Sword1_Emission.png
  artifactKey: Guid(e6aa6524c0c2d5b4bbc4535009532562) Importer(815301076,1909f56bfc062723c751e8b465ee728b)
Start importing Assets/Blink/Art/Weapons/LowPoly/FreeSwords/Sword1/Textures/Sword1_Emission.png using Guid(e6aa6524c0c2d5b4bbc4535009532562) Importer(815301076,1909f56bfc062723c751e8b465ee728b) (PreviewImporter) -> (artifact id: '918a4949e25bee838fc11362f8fa197f') in 0.0166575 seconds
Number of updated asset objects reloaded before import = 0Number of asset objects unloaded after import = 2

========================================================================
Received Import Request.
  Time since last request: 207.659950 seconds.
  path: Assets/Character/Ch06_1001_Diffuse.png
  artifactKey: Guid(feae9280728a0494e8f1399f8d9a2fd2) Importer(815301076,1909f56bfc062723c751e8b465ee728b)
Start importing Assets/Character/Ch06_1001_Diffuse.png using Guid(feae9280728a0494e8f1399f8d9a2fd2) Importer(815301076,1909f56bfc062723c751e8b465ee728b) (PreviewImporter) -> (artifact id: '95fbfa2c9eeb96a9fded7ac99b60871e') in 0.0354219 seconds
Number of updated asset objects reloaded before import = 0Number of asset objects unloaded after import = 2

========================================================================
Received Import Request.
  Time since last request: 0.000027 seconds.
  path: Assets/Character/Ch06_1002_Diffuse.png
  artifactKey: Guid(e00bd3efa2c4ffe4ba889e43f85b1572) Importer(815301076,1909f56bfc062723c751e8b465ee728b)
Start importing Assets/Character/Ch06_1002_Diffuse.png using Guid(e00bd3efa2c4ffe4ba889e43f85b1572) Importer(815301076,1909f56bfc062723c751e8b465ee728b) (PreviewImporter) -> (artifact id: '64b71062bc92e0ae431ae9bc935d1806') in 0.0298733 seconds
Number of updated asset objects reloaded before import = 0Number of asset objects unloaded after import = 2

========================================================================
Received Import Request.
  Time since last request: 0.000030 seconds.
  path: Assets/Character/Ch06_1002_Specular.png
  artifactKey: Guid(15727ee7515fa414bbfa36091e44ffbd) Importer(815301076,1909f56bfc062723c751e8b465ee728b)
Start importing Assets/Character/Ch06_1002_Specular.png using Guid(15727ee7515fa414bbfa36091e44ffbd) Importer(815301076,1909f56bfc062723c751e8b465ee728b) (PreviewImporter) -> (artifact id: '2cc0c26dccac4777800405cd3f0192ff') in 0.0285874 seconds
Number of updated asset objects reloaded before import = 0Number of asset objects unloaded after import = 2

========================================================================
Received Import Request.
  Time since last request: 0.000025 seconds.
  path: Assets/Character/Ch06_1001_Glossiness.png
  artifactKey: Guid(b6c5d64f940233444a7612adc3565a3f) Importer(815301076,1909f56bfc062723c751e8b465ee728b)
Start importing Assets/Character/Ch06_1001_Glossiness.png using Guid(b6c5d64f940233444a7612adc3565a3f) Importer(815301076,1909f56bfc062723c751e8b465ee728b) (PreviewImporter) -> (artifact id: 'f1a43253041bb98fb436cdc8a7357bb5') in 0.0243269 seconds
Number of updated asset objects reloaded before import = 0Number of asset objects unloaded after import = 2

========================================================================
Received Import Request.
  Time since last request: 0.000021 seconds.
  path: Assets/Character/Ch06_1001_Normal.png
  artifactKey: Guid(b404edc3cc49013468290dfaeb3af59f) Importer(815301076,1909f56bfc062723c751e8b465ee728b)
Start importing Assets/Character/Ch06_1001_Normal.png using Guid(b404edc3cc49013468290dfaeb3af59f) Importer(815301076,1909f56bfc062723c751e8b465ee728b) (PreviewImporter) -> (artifact id: '70f0fe87053c373d0a04917d8c78b920') in 0.0491048 seconds
Number of updated asset objects reloaded before import = 0Number of asset objects unloaded after import = 2

========================================================================
Received Import Request.
  Time since last request: 10.118534 seconds.
  path: Assets/Scenes/MeetingMenu/ReflectionProbe-0.exr
  artifactKey: Guid(d7cee4ad1f61d1f4fa6e761bd89fd0c0) Importer(815301076,1909f56bfc062723c751e8b465ee728b)
Start importing Assets/Scenes/MeetingMenu/ReflectionProbe-0.exr using Guid(d7cee4ad1f61d1f4fa6e761bd89fd0c0) Importer(815301076,1909f56bfc062723c751e8b465ee728b) (PreviewImporter) -> (artifact id: '7848704d7d7fcedec42eba2f5a33401b') in 0.0304529 seconds
Number of updated asset objects reloaded before import = 0Number of asset objects unloaded after import = 1

========================================================================
Received Import Request.
  Time since last request: 168.928755 seconds.
  path: Assets/Tiny Fantasy Icons/Scrolls/Scroll_Open_Red.png
  artifactKey: Guid(b679607534ca3eb43995d8466891700d) Importer(815301076,1909f56bfc062723c751e8b465ee728b)
Start importing Assets/Tiny Fantasy Icons/Scrolls/Scroll_Open_Red.png using Guid(b679607534ca3eb43995d8466891700d) Importer(815301076,1909f56bfc062723c751e8b465ee728b) (PreviewImporter) -> (artifact id: '189bc0e8b7edf4eff3d870780560d937') in 0.0418713 seconds
Number of updated asset objects reloaded before import = 0Number of asset objects unloaded after import = 3

========================================================================
Received Import Request.
  Time since last request: 0.779073 seconds.
  path: Assets/Tiny Fantasy Icons/Scrolls/Scroll_Open_Green.png
  artifactKey: Guid(647fee102da160f46b103996f2c0d3a1) Importer(815301076,1909f56bfc062723c751e8b465ee728b)
Start importing Assets/Tiny Fantasy Icons/Scrolls/Scroll_Open_Green.png using Guid(647fee102da160f46b103996f2c0d3a1) Importer(815301076,1909f56bfc062723c751e8b465ee728b) (PreviewImporter) -> (artifact id: '9fa7347bb822b1652e83b594e3a9c471') in 0.020576 seconds
Number of updated asset objects reloaded before import = 0Number of asset objects unloaded after import = 3

========================================================================
Received Import Request.
  Time since last request: 0.000032 seconds.
  path: Assets/Tiny Fantasy Icons/Scrolls/Scroll_Close_White.png
  artifactKey: Guid(fd79f823896bfff4d8c81d1c49eba60d) Importer(815301076,1909f56bfc062723c751e8b465ee728b)
Start importing Assets/Tiny Fantasy Icons/Scrolls/Scroll_Close_White.png using Guid(fd79f823896bfff4d8c81d1c49eba60d) Importer(815301076,1909f56bfc062723c751e8b465ee728b) (PreviewImporter) -> (artifact id: '6d6e614f2e55f6f8e7001ea91171874d') in 0.0255378 seconds
Number of updated asset objects reloaded before import = 0Number of asset objects unloaded after import = 3

========================================================================
Received Import Request.
  Time since last request: 0.000025 seconds.
  path: Assets/Tiny Fantasy Icons/Scrolls/Scroll_Open_Orange.png
  artifactKey: Guid(1676e29c9508e9f428bec051b30c75b1) Importer(815301076,1909f56bfc062723c751e8b465ee728b)
Start importing Assets/Tiny Fantasy Icons/Scrolls/Scroll_Open_Orange.png using Guid(1676e29c9508e9f428bec051b30c75b1) Importer(815301076,1909f56bfc062723c751e8b465ee728b) (PreviewImporter) -> (artifact id: '05f99e2f99f73657c4419a3edf541acd') in 0.0288792 seconds
Number of updated asset objects reloaded before import = 0Number of asset objects unloaded after import = 3

========================================================================
Received Import Request.
  Time since last request: 0.000714 seconds.
  path: Assets/Tiny Fantasy Icons/Pouches/Pouche_C.png
  artifactKey: Guid(b3ac628e63c18d54fb622a1da7836527) Importer(815301076,1909f56bfc062723c751e8b465ee728b)
Start importing Assets/Tiny Fantasy Icons/Pouches/Pouche_C.png using Guid(b3ac628e63c18d54fb622a1da7836527) Importer(815301076,1909f56bfc062723c751e8b465ee728b) (PreviewImporter) -> (artifact id: 'ac7900b8d796a0b11bbf447277e41f59') in 0.0249348 seconds
Number of updated asset objects reloaded before import = 0Number of asset objects unloaded after import = 3

========================================================================
Received Import Request.
  Time since last request: 0.000023 seconds.
  path: Assets/Tiny Fantasy Icons/Presents/Present_A.png
  artifactKey: Guid(497eacc4411f9b344938932c19f3c991) Importer(815301076,1909f56bfc062723c751e8b465ee728b)
Start importing Assets/Tiny Fantasy Icons/Presents/Present_A.png using Guid(497eacc4411f9b344938932c19f3c991) Importer(815301076,1909f56bfc062723c751e8b465ee728b) (PreviewImporter) -> (artifact id: 'fd44b113419de0e8ab4e989b042ef248') in 0.0232959 seconds
Number of updated asset objects reloaded before import = 0Number of asset objects unloaded after import = 3

========================================================================
Received Import Request.
  Time since last request: 0.000035 seconds.
  path: Assets/Tiny Fantasy Icons/Presents/Present_B.png
  artifactKey: Guid(2d2e402403a35a64faad9157ac7f79e2) Importer(815301076,1909f56bfc062723c751e8b465ee728b)
Start importing Assets/Tiny Fantasy Icons/Presents/Present_B.png using Guid(2d2e402403a35a64faad9157ac7f79e2) Importer(815301076,1909f56bfc062723c751e8b465ee728b) (PreviewImporter) -> (artifact id: 'c39dac237433234e05e1353f26529e04') in 0.023096 seconds
Number of updated asset objects reloaded before import = 0Number of asset objects unloaded after import = 3

========================================================================
Received Import Request.
  Time since last request: 0.000028 seconds.
  path: Assets/Tiny Fantasy Icons/Pendants/Pendant_F.png
  artifactKey: Guid(fa306bf14436f4d45961032172d9f5a5) Importer(815301076,1909f56bfc062723c751e8b465ee728b)
Start importing Assets/Tiny Fantasy Icons/Pendants/Pendant_F.png using Guid(fa306bf14436f4d45961032172d9f5a5) Importer(815301076,1909f56bfc062723c751e8b465ee728b) (PreviewImporter) -> (artifact id: '392f74a8c92d19d9e12b8c12d8b4ee40') in 0.0358931 seconds
Number of updated asset objects reloaded before import = 0Number of asset objects unloaded after import = 3

========================================================================
Received Import Request.
  Time since last request: 0.000020 seconds.
  path: Assets/Tiny Fantasy Icons/Pendants/Pendant_E.png
  artifactKey: Guid(af7659cb837975d4287fa6a750b95e6f) Importer(815301076,1909f56bfc062723c751e8b465ee728b)
Start importing Assets/Tiny Fantasy Icons/Pendants/Pendant_E.png using Guid(af7659cb837975d4287fa6a750b95e6f) Importer(815301076,1909f56bfc062723c751e8b465ee728b) (PreviewImporter) -> (artifact id: '57f0303cf21a2c1b997089c3a8901ade') in 0.0263218 seconds
Number of updated asset objects reloaded before import = 0Number of asset objects unloaded after import = 3

========================================================================
Received Import Request.
  Time since last request: 0.000026 seconds.
  path: Assets/Tiny Fantasy Icons/Gems/Gems_Small_Ruby.png
  artifactKey: Guid(b61374776796f4847ad28e67c3606fd0) Importer(815301076,1909f56bfc062723c751e8b465ee728b)
Start importing Assets/Tiny Fantasy Icons/Gems/Gems_Small_Ruby.png using Guid(b61374776796f4847ad28e67c3606fd0) Importer(815301076,1909f56bfc062723c751e8b465ee728b) (PreviewImporter) -> (artifact id: '0c01933c3b133e4f2f7b7a14765c9cce') in 0.021597 seconds
Number of updated asset objects reloaded before import = 0Number of asset objects unloaded after import = 3

========================================================================
Received Import Request.
  Time since last request: 0.000031 seconds.
  path: Assets/Tiny Fantasy Icons/Gems/Gems_Small_Emerald.png
  artifactKey: Guid(75b4b1c4536432948ac7fb4e5dedc881) Importer(815301076,1909f56bfc062723c751e8b465ee728b)
Start importing Assets/Tiny Fantasy Icons/Gems/Gems_Small_Emerald.png using Guid(75b4b1c4536432948ac7fb4e5dedc881) Importer(815301076,1909f56bfc062723c751e8b465ee728b) (PreviewImporter) -> (artifact id: '004804f734880ebcf72689d4dea9f749') in 0.02132 seconds
Number of updated asset objects reloaded before import = 0Number of asset objects unloaded after import = 3

========================================================================
Received Import Request.
  Time since last request: 0.000031 seconds.
  path: Assets/Tiny Fantasy Icons/PetEggs/Egg_B.png
  artifactKey: Guid(7754345828cd4fe4db4386ae16c4ccd1) Importer(815301076,1909f56bfc062723c751e8b465ee728b)
Start importing Assets/Tiny Fantasy Icons/PetEggs/Egg_B.png using Guid(7754345828cd4fe4db4386ae16c4ccd1) Importer(815301076,1909f56bfc062723c751e8b465ee728b) (PreviewImporter) -> (artifact id: 'be3e02fc607a6c8fbc23f9e0ec706e4e') in 0.0236132 seconds
Number of updated asset objects reloaded before import = 0Number of asset objects unloaded after import = 3

========================================================================
Received Import Request.
  Time since last request: 0.000030 seconds.
  path: Assets/Tiny Fantasy Icons/PetEggs/Egg_D.png
  artifactKey: Guid(600a9af382e1c224988fbb010753f0b0) Importer(815301076,1909f56bfc062723c751e8b465ee728b)
Start importing Assets/Tiny Fantasy Icons/PetEggs/Egg_D.png using Guid(600a9af382e1c224988fbb010753f0b0) Importer(815301076,1909f56bfc062723c751e8b465ee728b) (PreviewImporter) -> (artifact id: '3f488e9c2572279edf6678cf03f1ba21') in 0.02075 seconds
Number of updated asset objects reloaded before import = 0Number of asset objects unloaded after import = 3

========================================================================
Received Import Request.
  Time since last request: 0.000029 seconds.
  path: Assets/Tiny Fantasy Icons/PetEggs/Egg_C.png
  artifactKey: Guid(eaff3c245c2e7d74db070a05c8e52477) Importer(815301076,1909f56bfc062723c751e8b465ee728b)
Start importing Assets/Tiny Fantasy Icons/PetEggs/Egg_C.png using Guid(eaff3c245c2e7d74db070a05c8e52477) Importer(815301076,1909f56bfc062723c751e8b465ee728b) (PreviewImporter) -> (artifact id: 'f3bafa1ae3aebc2adc9c7506926a0678') in 0.0258068 seconds
Number of updated asset objects reloaded before import = 0Number of asset objects unloaded after import = 3

========================================================================
Received Import Request.
  Time since last request: 0.000028 seconds.
  path: Assets/Tiny Fantasy Icons/Coins/Coins_Huge_Cooper.png
  artifactKey: Guid(2a827b14f18d4e449b34d2f8ce9192db) Importer(815301076,1909f56bfc062723c751e8b465ee728b)
Start importing Assets/Tiny Fantasy Icons/Coins/Coins_Huge_Cooper.png using Guid(2a827b14f18d4e449b34d2f8ce9192db) Importer(815301076,1909f56bfc062723c751e8b465ee728b) (PreviewImporter) -> (artifact id: '292f18a9d8cab3bb5db39c4a7a03ec79') in 0.023544 seconds
Number of updated asset objects reloaded before import = 0Number of asset objects unloaded after import = 3

========================================================================
Received Import Request.
  Time since last request: 0.000025 seconds.
  path: Assets/Tiny Fantasy Icons/Coins/Coins_Huge_Silver.png
  artifactKey: Guid(39faa7059bd3db742bd0b5890ea65116) Importer(815301076,1909f56bfc062723c751e8b465ee728b)
Start importing Assets/Tiny Fantasy Icons/Coins/Coins_Huge_Silver.png using Guid(39faa7059bd3db742bd0b5890ea65116) Importer(815301076,1909f56bfc062723c751e8b465ee728b) (PreviewImporter) -> (artifact id: '15394c99d0eb36c5a9107bbeab8c22fb') in 0.0228442 seconds
Number of updated asset objects reloaded before import = 0Number of asset objects unloaded after import = 3

========================================================================
Received Import Request.
  Time since last request: 0.000028 seconds.
  path: Assets/Tiny Fantasy Icons/Books/Book_D_Open.png
  artifactKey: Guid(6cfb72355694a164ab64173a64cd5da5) Importer(815301076,1909f56bfc062723c751e8b465ee728b)
Start importing Assets/Tiny Fantasy Icons/Books/Book_D_Open.png using Guid(6cfb72355694a164ab64173a64cd5da5) Importer(815301076,1909f56bfc062723c751e8b465ee728b) (PreviewImporter) -> (artifact id: 'b64c422980330deae6f77ea712d862df') in 0.0196686 seconds
Number of updated asset objects reloaded before import = 0Number of asset objects unloaded after import = 3

========================================================================
Received Import Request.
  Time since last request: 0.000026 seconds.
  path: Assets/Tiny Fantasy Icons/Books/Book_D_Close.png
  artifactKey: Guid(c393ff59bfdd53d45a6a7c12b93b0d83) Importer(815301076,1909f56bfc062723c751e8b465ee728b)
Start importing Assets/Tiny Fantasy Icons/Books/Book_D_Close.png using Guid(c393ff59bfdd53d45a6a7c12b93b0d83) Importer(815301076,1909f56bfc062723c751e8b465ee728b) (PreviewImporter) -> (artifact id: '3796768422b4aa5ebc4d1d1dd43dc756') in 0.0261591 seconds
Number of updated asset objects reloaded before import = 0Number of asset objects unloaded after import = 3

========================================================================
Received Import Request.
  Time since last request: 0.000021 seconds.
  path: Assets/Tiny Fantasy Icons/PowerUps/Bolt_A.png
  artifactKey: Guid(84bd6ab8ed780494380593d3bbafa811) Importer(815301076,1909f56bfc062723c751e8b465ee728b)
Start importing Assets/Tiny Fantasy Icons/PowerUps/Bolt_A.png using Guid(84bd6ab8ed780494380593d3bbafa811) Importer(815301076,1909f56bfc062723c751e8b465ee728b) (PreviewImporter) -> (artifact id: '89fb7b1d3b22ecbf58fad350cc48779d') in 0.0208224 seconds
Number of updated asset objects reloaded before import = 0Number of asset objects unloaded after import = 3

========================================================================
Received Import Request.
  Time since last request: 0.000021 seconds.
  path: Assets/Tiny Fantasy Icons/Bones/Bones_B.png
  artifactKey: Guid(cc8043ad07ebd21418922bbd4249d577) Importer(815301076,1909f56bfc062723c751e8b465ee728b)
Start importing Assets/Tiny Fantasy Icons/Bones/Bones_B.png using Guid(cc8043ad07ebd21418922bbd4249d577) Importer(815301076,1909f56bfc062723c751e8b465ee728b) (PreviewImporter) -> (artifact id: '0662c217e58722e6fdb5dd2349a9cbf5') in 0.0224622 seconds
Number of updated asset objects reloaded before import = 0Number of asset objects unloaded after import = 3

========================================================================
Received Import Request.
  Time since last request: 0.000026 seconds.
  path: Assets/Tiny Fantasy Icons/Gems/Gems_Small_Diamond.png
  artifactKey: Guid(18d8dedf927566f4c8cf15f49f9da174) Importer(815301076,1909f56bfc062723c751e8b465ee728b)
Start importing Assets/Tiny Fantasy Icons/Gems/Gems_Small_Diamond.png using Guid(18d8dedf927566f4c8cf15f49f9da174) Importer(815301076,1909f56bfc062723c751e8b465ee728b) (PreviewImporter) -> (artifact id: '9854239e8464585e1ee968e09a41caae') in 0.0238753 seconds
Number of updated asset objects reloaded before import = 0Number of asset objects unloaded after import = 3

========================================================================
Received Prepare
Refreshing native plugins compatible for Editor in 2.35 ms, found 5 plugins.
Preloading 0 native plugins for Editor in 0.00 ms.
Unloading 47 Unused Serialized files (Serialized files now loaded: 0)
Unloading 6761 unused Assets / (9.2 MB). Loaded Objects now: 7473.
Memory consumption went from 218.4 MB to 209.2 MB.
Total: 17.455200 ms (FindLiveObjects: 0.933300 ms CreateObjectMapping: 0.571000 ms MarkObjects: 10.635600 ms  DeleteObjects: 5.313400 ms)

Prepare: number of updated asset objects reloaded= 0
========================================================================
Received Prepare
Assembly reference Packages/com.unity.entities/Unity.Scenes.Editor/Internals/Properties/Unity.Properties.Internals.asmref has no target assembly definition
Assembly reference Packages/com.unity.entities/Unity.Scenes.Editor/Internals/Properties/Unity.Properties.Internals.asmref has no target assembly definition
Begin MonoManager ReloadAssembly
- Loaded All Assemblies, in  1.137 seconds
Assembly reference Packages/com.unity.entities/Unity.Scenes.Editor/Internals/Properties/Unity.Properties.Internals.asmref has no target assembly definition
Refreshing native plugins compatible for Editor in 3.13 ms, found 5 plugins.
Native extension for WindowsStandalone target not found
Assembly reference Packages/com.unity.entities/Unity.Scenes.Editor/Internals/Properties/Unity.Properties.Internals.asmref has no target assembly definition
[MODES] ModeService[none].Initialize
[MODES] ModeService[none].LoadModes
[MODES] Loading mode Default (0) for mode-current-id-ThunderLand
TypeManager.Initialize took: 680ms
Mono: successfully reloaded assembly
- Finished resetting the current domain, in  2.578 seconds
Domain Reload Profiling: 3716ms
	BeginReloadAssembly (349ms)
		ExecutionOrderSort (0ms)
		DisableScriptedObjects (16ms)
		BackupInstance (0ms)
		ReleaseScriptingObjects (0ms)
		CreateAndSetChildDomain (112ms)
	RebuildCommonClasses (53ms)
	RebuildNativeTypeToScriptingClass (23ms)
	initialDomainReloadingComplete (39ms)
	LoadAllAssembliesAndSetupDomain (673ms)
		LoadAssemblies (585ms)
		RebuildTransferFunctionScriptingTraits (0ms)
		AnalyzeDomain (242ms)
			TypeCache.Refresh (13ms)
				TypeCache.ScanAssembly (1ms)
			BuildScriptInfoCaches (216ms)
			ResolveRequiredComponents (9ms)
	FinalizeReload (2579ms)
		ReleaseScriptCaches (0ms)
		RebuildScriptCaches (0ms)
		SetupLoadedEditorAssemblies (2231ms)
			LogAssemblyErrors (0ms)
			InitializePlatformSupportModulesInManaged (3ms)
			SetLoadedEditorAssemblies (11ms)
			BeforeProcessingInitializeOnLoad (278ms)
			ProcessInitializeOnLoadAttributes (1722ms)
			ProcessInitializeOnLoadMethodAttributes (212ms)
			AfterProcessingInitializeOnLoad (4ms)
			EditorAssembliesLoaded (1ms)
		ExecutionOrderSort2 (0ms)
		AwakeInstancesAfterBackupRestoration (14ms)
Refreshing native plugins compatible for Editor in 2.34 ms, found 5 plugins.
Preloading 0 native plugins for Editor in 0.00 ms.
Unloading 47 Unused Serialized files (Serialized files now loaded: 0)
Unloading 6778 unused Assets / (8.5 MB). Loaded Objects now: 7473.
Memory consumption went from 222.3 MB to 213.8 MB.
Total: 14.558800 ms (FindLiveObjects: 1.100200 ms CreateObjectMapping: 0.684600 ms MarkObjects: 8.950100 ms  DeleteObjects: 3.822400 ms)

Unloading 0 Unused Serialized files (Serialized files now loaded: 0)
Unloading 0 unused Assets / (4.3 MB). Loaded Objects now: 7473.
Memory consumption went from 213.8 MB to 209.4 MB.
Total: 10.412000 ms (FindLiveObjects: 0.547400 ms CreateObjectMapping: 0.172600 ms MarkObjects: 8.680100 ms  DeleteObjects: 1.011000 ms)

Prepare: number of updated asset objects reloaded= 0
========================================================================
Received Import Request.
  Time since last request: 403.282608 seconds.
  path: Assets/Sprite/Chat.png
  artifactKey: Guid(1e2092c408df900418d930b8baf2a4f3) Importer(815301076,1909f56bfc062723c751e8b465ee728b)
Start importing Assets/Sprite/Chat.png using Guid(1e2092c408df900418d930b8baf2a4f3) Importer(815301076,1909f56bfc062723c751e8b465ee728b) (PreviewImporter) -> (artifact id: 'f10b3cd7aa9757623ecb861963bf53c4') in 0.134159 seconds
Number of updated asset objects reloaded before import = 0Number of asset objects unloaded after import = 3

========================================================================
Received Import Request.
  Time since last request: 0.000023 seconds.
  path: Assets/Sprite/icon-settings.png
  artifactKey: Guid(dca935af25fc59a45ad0ba0a410a274d) Importer(815301076,1909f56bfc062723c751e8b465ee728b)
Start importing Assets/Sprite/icon-settings.png using Guid(dca935af25fc59a45ad0ba0a410a274d) Importer(815301076,1909f56bfc062723c751e8b465ee728b) (PreviewImporter) -> (artifact id: 'e50c0917ac7bf5d8b6978cd384f40789') in 0.0237358 seconds
Number of updated asset objects reloaded before import = 0Number of asset objects unloaded after import = 3

========================================================================
Received Import Request.
  Time since last request: 0.000088 seconds.
  path: Assets/Sprite/Skill0255_0.jpg
  artifactKey: Guid(a798f0924eb1c664c94add5426a31782) Importer(815301076,1909f56bfc062723c751e8b465ee728b)
Start importing Assets/Sprite/Skill0255_0.jpg using Guid(a798f0924eb1c664c94add5426a31782) Importer(815301076,1909f56bfc062723c751e8b465ee728b) (PreviewImporter) -> (artifact id: '51382311d5ce22ac69e4f7f173862730') in 0.0150574 seconds
Number of updated asset objects reloaded before import = 0Number of asset objects unloaded after import = 2

========================================================================
Received Import Request.
  Time since last request: 0.000018 seconds.
  path: Assets/Sprite/icon-friends.png
  artifactKey: Guid(13ae3e0de47b95041b1a40e634ed20a7) Importer(815301076,1909f56bfc062723c751e8b465ee728b)
Start importing Assets/Sprite/icon-friends.png using Guid(13ae3e0de47b95041b1a40e634ed20a7) Importer(815301076,1909f56bfc062723c751e8b465ee728b) (PreviewImporter) -> (artifact id: '017ce7218dbb9cf71d579ea245bb012f') in 0.0290734 seconds
Number of updated asset objects reloaded before import = 0Number of asset objects unloaded after import = 3

========================================================================
Received Import Request.
  Time since last request: 0.000020 seconds.
  path: Assets/Sprite/Map.renderTexture
  artifactKey: Guid(c5c58a9b04e358a4d80e5a1d414d60e9) Importer(815301076,1909f56bfc062723c751e8b465ee728b)
Start importing Assets/Sprite/Map.renderTexture using Guid(c5c58a9b04e358a4d80e5a1d414d60e9) Importer(815301076,1909f56bfc062723c751e8b465ee728b) (PreviewImporter) -> (artifact id: '47f97c7a68e7d7429a99d4d55c9c9821') in 0.0184764 seconds
Number of updated asset objects reloaded before import = 0Number of asset objects unloaded after import = 2

========================================================================
Received Import Request.
  Time since last request: 0.000020 seconds.
  path: Assets/Sprite/icon-envelope.png
  artifactKey: Guid(133e104b4dfd46a418e27e3afffe7854) Importer(815301076,1909f56bfc062723c751e8b465ee728b)
Start importing Assets/Sprite/icon-envelope.png using Guid(133e104b4dfd46a418e27e3afffe7854) Importer(815301076,1909f56bfc062723c751e8b465ee728b) (PreviewImporter) -> (artifact id: '738903564873278875434fdf47408dd6') in 0.0251912 seconds
Number of updated asset objects reloaded before import = 0Number of asset objects unloaded after import = 3

Editor requested this worker to shutdown with reason: Scaling down because of idle timeout
AssetImportWorker is now disconnected from the server
Process exiting
Exiting without the bug reporter. Application will terminate with return code 0